<?xml version="1.0" encoding="UTF-8"?>
<!-- Generated by org.testng.reporters.JUnitXMLReporter -->
<testsuite hostname="abc-PC" name="ChromeTest" tests="5" failures="0" timestamp="7 Apr 2018 09:20:12 GMT" time="17.895" errors="0">
  <testcase name="tc_2" time="6.096" classname="testNg.parallelTestExecution"/>
  <testcase name="tc_4" time="0.003" classname="testNg.ParalleltestExecution1"/>
  <testcase name="tc_5" time="0.007" classname="testNg.ParalleltestExecution1"/>
  <testcase name="tc_6" time="0.003" classname="testNg.ParalleltestExecution1"/>
  <testcase name="tc_1" time="3.086" classname="testNg.parallelTestExecution"/>
</testsuite> <!-- ChromeTest -->
