<?xml version="1.0" encoding="UTF-8"?>
<!-- Generated by org.testng.reporters.JUnitXMLReporter -->
<testsuite hostname="abc-PC" name="Test" tests="6" failures="0" timestamp="19 Nov 2017 16:08:48 GMT" time="0.09" errors="0">
  <testcase name="tc_1" time="0.027" classname="testNg.parallelTestExecution"/>
  <testcase name="tc_2" time="0.002" classname="testNg.parallelTestExecution"/>
  <testcase name="tc_3" time="0.003" classname="testNg.parallelTestExecution"/>
  <testcase name="tc_4" time="0.003" classname="testNg.ParalleltestExecution1"/>
  <testcase name="tc_5" time="0.003" classname="testNg.ParalleltestExecution1"/>
  <testcase name="tc_6" time="0.003" classname="testNg.ParalleltestExecution1"/>
</testsuite> <!-- Test -->
