<?xml version="1.0" encoding="UTF-8"?>
<!-- Generated by org.testng.reporters.JUnitXMLReporter -->
<testsuite hostname="abc-PC" name="OpenApplicationInChrome" tests="3" failures="0" timestamp="19 Nov 2017 15:26:02 GMT" time="62.352" errors="0">
  <testcase name="google" time="16.221" classname="demoTestNG.openGoogle"/>
  <testcase name="yahoo" time="31.15" classname="demoTestNG.openYahoo"/>
  <testcase name="FB" time="14.932" classname="demoTestNG.openFB"/>
</testsuite> <!-- OpenApplicationInChrome -->
