<?xml version="1.0" encoding="UTF-8"?>
<!-- Generated by org.testng.reporters.JUnitXMLReporter -->
<testsuite hostname="abc-PC" name="OpenApplicationInFF" tests="3" failures="0" timestamp="19 Nov 2017 15:26:09 GMT" time="69.249" errors="0">
  <testcase name="google" time="19.244" classname="demoTestNG.openGoogle"/>
  <testcase name="yahoo" time="37.8" classname="demoTestNG.openYahoo"/>
  <testcase name="FB" time="12.16" classname="demoTestNG.openFB"/>
</testsuite> <!-- OpenApplicationInFF -->
